Release 14.7 - xst P.20131013 (nt64)
Copyright (c) 1995-2013 Xilinx, Inc.  All rights reserved.
--> Parameter TMPDIR set to xst/projnav.tmp


Total REAL time to Xst completion: 0.00 secs
Total CPU time to Xst completion: 0.13 secs
 
--> Parameter xsthdpdir set to xst


Total REAL time to Xst completion: 0.00 secs
Total CPU time to Xst completion: 0.13 secs
 
--> Reading design: contador_vertical.prj

TABLE OF CONTENTS
  1) Synthesis Options Summary
  2) HDL Compilation
  3) Design Hierarchy Analysis
  4) HDL Analysis
  5) HDL Synthesis
     5.1) HDL Synthesis Report
  6) Advanced HDL Synthesis
     6.1) Advanced HDL Synthesis Report
  7) Low Level Synthesis
  8) Partition Report
  9) Final Report
	9.1) Device utilization summary
	9.2) Partition Resource Summary
	9.3) TIMING REPORT


=========================================================================
*                      Synthesis Options Summary                        *
=========================================================================
---- Source Parameters
Input File Name                    : "contador_vertical.prj"
Input Format                       : mixed
Ignore Synthesis Constraint File   : NO

---- Target Parameters
Output File Name                   : "contador_vertical"
Output Format                      : NGC
Target Device                      : xc3s500e-4-fg320

---- Source Options
Top Module Name                    : contador_vertical
Automatic FSM Extraction           : YES
FSM Encoding Algorithm             : Auto
Safe Implementation                : No
FSM Style                          : LUT
RAM Extraction                     : Yes
RAM Style                          : Auto
ROM Extraction                     : Yes
Mux Style                          : Auto
Decoder Extraction                 : YES
Priority Encoder Extraction        : Yes
Shift Register Extraction          : YES
Logical Shifter Extraction         : YES
XOR Collapsing                     : YES
ROM Style                          : Auto
Mux Extraction                     : Yes
Resource Sharing                   : YES
Asynchronous To Synchronous        : NO
Multiplier Style                   : Auto
Automatic Register Balancing       : No

---- Target Options
Add IO Buffers                     : YES
Global Maximum Fanout              : 500
Add Generic Clock Buffer(BUFG)     : 24
Register Duplication               : YES
Slice Packing                      : YES
Optimize Instantiated Primitives   : NO
Use Clock Enable                   : Yes
Use Synchronous Set                : Yes
Use Synchronous Reset              : Yes
Pack IO Registers into IOBs        : Auto
Equivalent register Removal        : YES

---- General Options
Optimization Goal                  : Speed
Optimization Effort                : 1
Keep Hierarchy                     : No
Netlist Hierarchy                  : As_Optimized
RTL Output                         : Yes
Global Optimization                : AllClockNets
Read Cores                         : YES
Write Timing Constraints           : NO
Cross Clock Analysis               : NO
Hierarchy Separator                : /
Bus Delimiter                      : <>
Case Specifier                     : Maintain
Slice Utilization Ratio            : 100
BRAM Utilization Ratio             : 100
Verilog 2001                       : YES
Auto BRAM Packing                  : NO
Slice Utilization Ratio Delta      : 5

=========================================================================


=========================================================================
*                          HDL Compilation                              *
=========================================================================
Compiling vhdl file "C:/Users/kevin/FPGA Workspace/Xilinx/VGA/contador_vertical.vhd" in Library work.
Entity <contador_vertical> compiled.
Entity <contador_vertical> (Architecture <comportamiento>) compiled.

=========================================================================
*                     Design Hierarchy Analysis                         *
=========================================================================
Analyzing hierarchy for entity <contador_vertical> in library <work> (architecture <comportamiento>).


=========================================================================
*                            HDL Analysis                               *
=========================================================================
Analyzing Entity <contador_vertical> in library <work> (Architecture <comportamiento>).
Entity <contador_vertical> analyzed. Unit <contador_vertical> generated.


=========================================================================
*                           HDL Synthesis                               *
=========================================================================

Performing bidirectional port resolution...

Synthesizing Unit <contador_vertical>.
    Related source file is "C:/Users/kevin/FPGA Workspace/Xilinx/VGA/contador_vertical.vhd".
    Found 1-bit register for signal <hsync_s>.
    Found 1-bit register for signal <hsync_t_1>.
    Found 10-bit up counter for signal <v_cuenta_int>.
    Summary:
	inferred   1 Counter(s).
	inferred   2 D-type flip-flop(s).
Unit <contador_vertical> synthesized.


=========================================================================
HDL Synthesis Report

Macro Statistics
# Counters                                             : 1
 10-bit up counter                                     : 1
# Registers                                            : 2
 1-bit register                                        : 2

=========================================================================

=========================================================================
*                       Advanced HDL Synthesis                          *
=========================================================================


=========================================================================
Advanced HDL Synthesis Report

Macro Statistics
# Counters                                             : 1
 10-bit up counter                                     : 1
# Registers                                            : 2
 Flip-Flops                                            : 2

=========================================================================

=========================================================================
*                         Low Level Synthesis                           *
=========================================================================

Optimizing unit <contador_vertical> ...

Mapping all equations...
Building and optimizing final netlist ...
Found area constraint ratio of 100 (+ 5) on block contador_vertical, actual ratio is 0.

Final Macro Processing ...

=========================================================================
Final Register Report

Macro Statistics
# Registers                                            : 12
 Flip-Flops                                            : 12

=========================================================================

=========================================================================
*                           Partition Report                            *
=========================================================================

Partition Implementation Status
-------------------------------

  No Partitions were found in this design.

-------------------------------

=========================================================================
*                            Final Report                               *
=========================================================================
Final Results
RTL Top Level Output File Name     : contador_vertical.ngr
Top Level Output File Name         : contador_vertical
Output Format                      : NGC
Optimization Goal                  : Speed
Keep Hierarchy                     : No

Design Statistics
# IOs                              : 13

Cell Usage :
# BELS                             : 45
#      GND                         : 1
#      INV                         : 1
#      LUT1                        : 9
#      LUT2                        : 11
#      LUT4                        : 2
#      LUT4_D                      : 1
#      MUXCY                       : 9
#      VCC                         : 1
#      XORCY                       : 10
# FlipFlops/Latches                : 12
#      FDC                         : 2
#      FDCE                        : 10
# Clock Buffers                    : 1
#      BUFGP                       : 1
# IO Buffers                       : 12
#      IBUF                        : 2
#      OBUF                        : 10
=========================================================================

Device utilization summary:
---------------------------

Selected Device : 3s500efg320-4 

 Number of Slices:                       13  out of   4656     0%  
 Number of Slice Flip Flops:             12  out of   9312     0%  
 Number of 4 input LUTs:                 24  out of   9312     0%  
 Number of IOs:                          13
 Number of bonded IOBs:                  13  out of    232     5%  
 Number of GCLKs:                         1  out of     24     4%  

---------------------------
Partition Resource Summary:
---------------------------

  No Partitions were found in this design.

---------------------------


=========================================================================
TIMING REPORT

NOTE: THESE TIMING NUMBERS ARE ONLY A SYNTHESIS ESTIMATE.
      FOR ACCURATE TIMING INFORMATION PLEASE REFER TO THE TRACE REPORT
      GENERATED AFTER PLACE-and-ROUTE.

Clock Information:
------------------
-----------------------------------+------------------------+-------+
Clock Signal                       | Clock buffer(FF name)  | Load  |
-----------------------------------+------------------------+-------+
clk50MHz                           | BUFGP                  | 12    |
-----------------------------------+------------------------+-------+

Asynchronous Control Signals Information:
----------------------------------------
-----------------------------------+------------------------+-------+
Control Signal                     | Buffer(FF name)        | Load  |
-----------------------------------+------------------------+-------+
reset                              | IBUF                   | 12    |
-----------------------------------+------------------------+-------+

Timing Summary:
---------------
Speed Grade: -4

   Minimum period: 5.193ns (Maximum Frequency: 192.567MHz)
   Minimum input arrival time before clock: 1.946ns
   Maximum output required time after clock: 4.394ns
   Maximum combinational path delay: No path found

Timing Detail:
--------------
All values displayed in nanoseconds (ns)

=========================================================================
Timing constraint: Default period analysis for Clock 'clk50MHz'
  Clock period: 5.193ns (frequency: 192.567MHz)
  Total number of paths / destination ports: 176 / 21
-------------------------------------------------------------------------
Delay:               5.193ns (Levels of Logic = 11)
  Source:            v_cuenta_int_1 (FF)
  Destination:       v_cuenta_int_9 (FF)
  Source Clock:      clk50MHz rising
  Destination Clock: clk50MHz rising

  Data Path: v_cuenta_int_1 to v_cuenta_int_9
                                Gate     Net
    Cell:in->out      fanout   Delay   Delay  Logical Name (Net Name)
    ----------------------------------------  ------------
     FDCE:C->Q             3   0.591   0.706  v_cuenta_int_1 (v_cuenta_int_1)
     LUT1:I0->O            1   0.704   0.000  Mcount_v_cuenta_int_cy<1>_rt (Mcount_v_cuenta_int_cy<1>_rt)
     MUXCY:S->O            1   0.464   0.000  Mcount_v_cuenta_int_cy<1> (Mcount_v_cuenta_int_cy<1>)
     MUXCY:CI->O           1   0.059   0.000  Mcount_v_cuenta_int_cy<2> (Mcount_v_cuenta_int_cy<2>)
     MUXCY:CI->O           1   0.059   0.000  Mcount_v_cuenta_int_cy<3> (Mcount_v_cuenta_int_cy<3>)
     MUXCY:CI->O           1   0.059   0.000  Mcount_v_cuenta_int_cy<4> (Mcount_v_cuenta_int_cy<4>)
     MUXCY:CI->O           1   0.059   0.000  Mcount_v_cuenta_int_cy<5> (Mcount_v_cuenta_int_cy<5>)
     MUXCY:CI->O           1   0.059   0.000  Mcount_v_cuenta_int_cy<6> (Mcount_v_cuenta_int_cy<6>)
     MUXCY:CI->O           1   0.059   0.000  Mcount_v_cuenta_int_cy<7> (Mcount_v_cuenta_int_cy<7>)
     MUXCY:CI->O           0   0.059   0.000  Mcount_v_cuenta_int_cy<8> (Mcount_v_cuenta_int_cy<8>)
     XORCY:CI->O           1   0.804   0.499  Mcount_v_cuenta_int_xor<9> (Result<9>)
     LUT2:I1->O            1   0.704   0.000  Mcount_v_cuenta_int_eqn_91 (Mcount_v_cuenta_int_eqn_9)
     FDCE:D                    0.308          v_cuenta_int_9
    ----------------------------------------
    Total                      5.193ns (3.988ns logic, 1.205ns route)
                                       (76.8% logic, 23.2% route)

=========================================================================
Timing constraint: Default OFFSET IN BEFORE for Clock 'clk50MHz'
  Total number of paths / destination ports: 1 / 1
-------------------------------------------------------------------------
Offset:              1.946ns (Levels of Logic = 1)
  Source:            hsync (PAD)
  Destination:       hsync_s (FF)
  Destination Clock: clk50MHz rising

  Data Path: hsync to hsync_s
                                Gate     Net
    Cell:in->out      fanout   Delay   Delay  Logical Name (Net Name)
    ----------------------------------------  ------------
     IBUF:I->O             1   1.218   0.420  hsync_IBUF (hsync_IBUF)
     FDC:D                     0.308          hsync_s
    ----------------------------------------
    Total                      1.946ns (1.526ns logic, 0.420ns route)
                                       (78.4% logic, 21.6% route)

=========================================================================
Timing constraint: Default OFFSET OUT AFTER for Clock 'clk50MHz'
  Total number of paths / destination ports: 10 / 10
-------------------------------------------------------------------------
Offset:              4.394ns (Levels of Logic = 1)
  Source:            v_cuenta_int_9 (FF)
  Destination:       v_cuenta<9> (PAD)
  Source Clock:      clk50MHz rising

  Data Path: v_cuenta_int_9 to v_cuenta<9>
                                Gate     Net
    Cell:in->out      fanout   Delay   Delay  Logical Name (Net Name)
    ----------------------------------------  ------------
     FDCE:C->Q             3   0.591   0.531  v_cuenta_int_9 (v_cuenta_int_9)
     OBUF:I->O                 3.272          v_cuenta_9_OBUF (v_cuenta<9>)
    ----------------------------------------
    Total                      4.394ns (3.863ns logic, 0.531ns route)
                                       (87.9% logic, 12.1% route)

=========================================================================


Total REAL time to Xst completion: 5.00 secs
Total CPU time to Xst completion: 4.66 secs
 
--> 

Total memory usage is 4505304 kilobytes

Number of errors   :    0 (   0 filtered)
Number of warnings :    0 (   0 filtered)
Number of infos    :    0 (   0 filtered)

