Release 14.7 - xst P.20131013 (nt64)
Copyright (c) 1995-2013 Xilinx, Inc.  All rights reserved.
--> Parameter TMPDIR set to xst/projnav.tmp


Total REAL time to Xst completion: 0.00 secs
Total CPU time to Xst completion: 0.13 secs
 
--> Parameter xsthdpdir set to xst


Total REAL time to Xst completion: 0.00 secs
Total CPU time to Xst completion: 0.14 secs
 
--> Reading design: generador_hsync.prj

TABLE OF CONTENTS
  1) Synthesis Options Summary
  2) HDL Compilation
  3) Design Hierarchy Analysis
  4) HDL Analysis
  5) HDL Synthesis
     5.1) HDL Synthesis Report
  6) Advanced HDL Synthesis
     6.1) Advanced HDL Synthesis Report
  7) Low Level Synthesis
  8) Partition Report
  9) Final Report
	9.1) Device utilization summary
	9.2) Partition Resource Summary
	9.3) TIMING REPORT


=========================================================================
*                      Synthesis Options Summary                        *
=========================================================================
---- Source Parameters
Input File Name                    : "generador_hsync.prj"
Input Format                       : mixed
Ignore Synthesis Constraint File   : NO

---- Target Parameters
Output File Name                   : "generador_hsync"
Output Format                      : NGC
Target Device                      : xc3s500e-4-fg320

---- Source Options
Top Module Name                    : generador_hsync
Automatic FSM Extraction           : YES
FSM Encoding Algorithm             : Auto
Safe Implementation                : No
FSM Style                          : LUT
RAM Extraction                     : Yes
RAM Style                          : Auto
ROM Extraction                     : Yes
Mux Style                          : Auto
Decoder Extraction                 : YES
Priority Encoder Extraction        : Yes
Shift Register Extraction          : YES
Logical Shifter Extraction         : YES
XOR Collapsing                     : YES
ROM Style                          : Auto
Mux Extraction                     : Yes
Resource Sharing                   : YES
Asynchronous To Synchronous        : NO
Multiplier Style                   : Auto
Automatic Register Balancing       : No

---- Target Options
Add IO Buffers                     : YES
Global Maximum Fanout              : 500
Add Generic Clock Buffer(BUFG)     : 24
Register Duplication               : YES
Slice Packing                      : YES
Optimize Instantiated Primitives   : NO
Use Clock Enable                   : Yes
Use Synchronous Set                : Yes
Use Synchronous Reset              : Yes
Pack IO Registers into IOBs        : Auto
Equivalent register Removal        : YES

---- General Options
Optimization Goal                  : Speed
Optimization Effort                : 1
Keep Hierarchy                     : No
Netlist Hierarchy                  : As_Optimized
RTL Output                         : Yes
Global Optimization                : AllClockNets
Read Cores                         : YES
Write Timing Constraints           : NO
Cross Clock Analysis               : NO
Hierarchy Separator                : /
Bus Delimiter                      : <>
Case Specifier                     : Maintain
Slice Utilization Ratio            : 100
BRAM Utilization Ratio             : 100
Verilog 2001                       : YES
Auto BRAM Packing                  : NO
Slice Utilization Ratio Delta      : 5

=========================================================================


=========================================================================
*                          HDL Compilation                              *
=========================================================================
Compiling vhdl file "C:/Users/kevin/FPGA Workspace/Xilinx/VGA/generador_hsync.vhd" in Library work.
Entity <generador_hsync> compiled.
Entity <generador_hsync> (Architecture <comportamiento>) compiled.

=========================================================================
*                     Design Hierarchy Analysis                         *
=========================================================================
Analyzing hierarchy for entity <generador_hsync> in library <work> (architecture <comportamiento>).


=========================================================================
*                            HDL Analysis                               *
=========================================================================
Analyzing Entity <generador_hsync> in library <work> (Architecture <comportamiento>).
Entity <generador_hsync> analyzed. Unit <generador_hsync> generated.


=========================================================================
*                           HDL Synthesis                               *
=========================================================================

Performing bidirectional port resolution...

Synthesizing Unit <generador_hsync>.
    Related source file is "C:/Users/kevin/FPGA Workspace/Xilinx/VGA/generador_hsync.vhd".
    Found 1-bit register for signal <hsync_aux>.
    Summary:
	inferred   1 D-type flip-flop(s).
Unit <generador_hsync> synthesized.


=========================================================================
HDL Synthesis Report

Macro Statistics
# Registers                                            : 1
 1-bit register                                        : 1

=========================================================================

=========================================================================
*                       Advanced HDL Synthesis                          *
=========================================================================


=========================================================================
Advanced HDL Synthesis Report

Macro Statistics
# Registers                                            : 1
 Flip-Flops                                            : 1

=========================================================================

=========================================================================
*                         Low Level Synthesis                           *
=========================================================================

Optimizing unit <generador_hsync> ...

Mapping all equations...
Building and optimizing final netlist ...
Found area constraint ratio of 100 (+ 5) on block generador_hsync, actual ratio is 0.

Final Macro Processing ...

=========================================================================
Final Register Report

Macro Statistics
# Registers                                            : 1
 Flip-Flops                                            : 1

=========================================================================

=========================================================================
*                           Partition Report                            *
=========================================================================

Partition Implementation Status
-------------------------------

  No Partitions were found in this design.

-------------------------------

=========================================================================
*                            Final Report                               *
=========================================================================
Final Results
RTL Top Level Output File Name     : generador_hsync.ngr
Top Level Output File Name         : generador_hsync
Output Format                      : NGC
Optimization Goal                  : Speed
Keep Hierarchy                     : No

Design Statistics
# IOs                              : 14

Cell Usage :
# BELS                             : 5
#      INV                         : 1
#      LUT3                        : 2
#      LUT4                        : 2
# FlipFlops/Latches                : 1
#      FDPE                        : 1
# Clock Buffers                    : 1
#      BUFGP                       : 1
# IO Buffers                       : 13
#      IBUF                        : 12
#      OBUF                        : 1
=========================================================================

Device utilization summary:
---------------------------

Selected Device : 3s500efg320-4 

 Number of Slices:                        3  out of   4656     0%  
 Number of Slice Flip Flops:              1  out of   9312     0%  
 Number of 4 input LUTs:                  5  out of   9312     0%  
 Number of IOs:                          14
 Number of bonded IOBs:                  14  out of    232     6%  
 Number of GCLKs:                         1  out of     24     4%  

---------------------------
Partition Resource Summary:
---------------------------

  No Partitions were found in this design.

---------------------------


=========================================================================
TIMING REPORT

NOTE: THESE TIMING NUMBERS ARE ONLY A SYNTHESIS ESTIMATE.
      FOR ACCURATE TIMING INFORMATION PLEASE REFER TO THE TRACE REPORT
      GENERATED AFTER PLACE-and-ROUTE.

Clock Information:
------------------
-----------------------------------+------------------------+-------+
Clock Signal                       | Clock buffer(FF name)  | Load  |
-----------------------------------+------------------------+-------+
clk50MHz                           | BUFGP                  | 1     |
-----------------------------------+------------------------+-------+

Asynchronous Control Signals Information:
----------------------------------------
-----------------------------------+------------------------+-------+
Control Signal                     | Buffer(FF name)        | Load  |
-----------------------------------+------------------------+-------+
reset                              | IBUF                   | 1     |
-----------------------------------+------------------------+-------+

Timing Summary:
---------------
Speed Grade: -4

   Minimum period: 2.470ns (Maximum Frequency: 404.858MHz)
   Minimum input arrival time before clock: 4.791ns
   Maximum output required time after clock: 4.310ns
   Maximum combinational path delay: No path found

Timing Detail:
--------------
All values displayed in nanoseconds (ns)

=========================================================================
Timing constraint: Default period analysis for Clock 'clk50MHz'
  Clock period: 2.470ns (frequency: 404.858MHz)
  Total number of paths / destination ports: 1 / 1
-------------------------------------------------------------------------
Delay:               2.470ns (Levels of Logic = 1)
  Source:            hsync_aux (FF)
  Destination:       hsync_aux (FF)
  Source Clock:      clk50MHz rising
  Destination Clock: clk50MHz rising

  Data Path: hsync_aux to hsync_aux
                                Gate     Net
    Cell:in->out      fanout   Delay   Delay  Logical Name (Net Name)
    ----------------------------------------  ------------
     FDPE:C->Q             2   0.591   0.447  hsync_aux (hsync_aux)
     INV:I->O              1   0.704   0.420  hsync_aux_not00011_INV_0 (hsync_aux_not0001)
     FDPE:D                    0.308          hsync_aux
    ----------------------------------------
    Total                      2.470ns (1.603ns logic, 0.867ns route)
                                       (64.9% logic, 35.1% route)

=========================================================================
Timing constraint: Default OFFSET IN BEFORE for Clock 'clk50MHz'
  Total number of paths / destination ports: 11 / 1
-------------------------------------------------------------------------
Offset:              4.791ns (Levels of Logic = 3)
  Source:            h_cuenta<1> (PAD)
  Destination:       hsync_aux (FF)
  Destination Clock: clk50MHz rising

  Data Path: h_cuenta<1> to hsync_aux
                                Gate     Net
    Cell:in->out      fanout   Delay   Delay  Logical Name (Net Name)
    ----------------------------------------  ------------
     IBUF:I->O             1   1.218   0.595  h_cuenta_1_IBUF (h_cuenta_1_IBUF)
     LUT4:I0->O            1   0.704   0.595  change_h_or000028 (change_h_or000028)
     LUT3:I0->O            1   0.704   0.420  change_h_or000052 (change_h)
     FDPE:CE                   0.555          hsync_aux
    ----------------------------------------
    Total                      4.791ns (3.181ns logic, 1.610ns route)
                                       (66.4% logic, 33.6% route)

=========================================================================
Timing constraint: Default OFFSET OUT AFTER for Clock 'clk50MHz'
  Total number of paths / destination ports: 1 / 1
-------------------------------------------------------------------------
Offset:              4.310ns (Levels of Logic = 1)
  Source:            hsync_aux (FF)
  Destination:       hsync (PAD)
  Source Clock:      clk50MHz rising

  Data Path: hsync_aux to hsync
                                Gate     Net
    Cell:in->out      fanout   Delay   Delay  Logical Name (Net Name)
    ----------------------------------------  ------------
     FDPE:C->Q             2   0.591   0.447  hsync_aux (hsync_aux)
     OBUF:I->O                 3.272          hsync_OBUF (hsync)
    ----------------------------------------
    Total                      4.310ns (3.863ns logic, 0.447ns route)
                                       (89.6% logic, 10.4% route)

=========================================================================


Total REAL time to Xst completion: 4.00 secs
Total CPU time to Xst completion: 4.96 secs
 
--> 

Total memory usage is 4505316 kilobytes

Number of errors   :    0 (   0 filtered)
Number of warnings :    0 (   0 filtered)
Number of infos    :    0 (   0 filtered)

